{
  "RSpec": {
    "coverage": {
      "/home/chang/ratebeer/app/models/rating.rb": [
        1,
        1,
        1,
        null,
        1,
        null,
        null,
        null,
        1,
        0,
        null,
        null,
        null
      ],
      "/home/chang/ratebeer/app/helpers/application_helper.rb": [
        1,
        null
      ],
      "/home/chang/ratebeer/app/helpers/beer_clubs_helper.rb": [
        1,
        null
      ],
      "/home/chang/ratebeer/app/helpers/beers_helper.rb": [
        1,
        null
      ],
      "/home/chang/ratebeer/app/helpers/breweries_helper.rb": [
        1,
        null
      ],
      "/home/chang/ratebeer/app/helpers/memberships_helper.rb": [
        1,
        null
      ],
      "/home/chang/ratebeer/app/helpers/users_helper.rb": [
        1,
        null
      ],
      "/home/chang/ratebeer/app/models/beer.rb": [
        1,
        1,
        1,
        1,
        null,
        1,
        1,
        null,
        1,
        null,
        1,
        2,
        null,
        null,
        1,
        0,
        null,
        null
      ],
      "/home/chang/ratebeer/app/models/concerns/rating_average.rb": [
        1,
        1,
        null,
        1,
        14,
        null,
        5,
        5,
        11,
        5,
        5,
        null,
        null,
        null
      ],
      "/home/chang/ratebeer/app/models/brewery.rb": [
        1,
        1,
        1,
        null,
        1,
        1,
        1,
        null,
        null,
        1,
        null,
        1,
        27,
        0,
        null,
        null,
        null,
        1,
        0,
        0,
        0,
        null,
        null,
        1,
        0,
        0,
        null,
        null,
        1,
        0,
        null,
        null
      ],
      "/home/chang/ratebeer/app/models/user.rb": [
        1,
        1,
        null,
        1,
        null,
        1,
        null,
        null,
        1,
        1,
        null,
        1,
        1,
        1,
        1,
        null,
        1,
        1,
        5,
        null,
        null,
        1,
        3,
        2,
        null,
        null,
        1,
        1,
        1,
        5,
        null,
        null,
        1,
        4,
        20,
        8,
        null,
        null,
        1,
        4,
        20,
        10,
        null,
        null
      ],
      "/home/chang/ratebeer/app/controllers/sessions_controller.rb": [
        1,
        1,
        null,
        null,
        null,
        1,
        8,
        8,
        7,
        7,
        null,
        1,
        null,
        null,
        null,
        null,
        1,
        null,
        0,
        null,
        0,
        null,
        null
      ],
      "/home/chang/ratebeer/app/controllers/application_controller.rb": [
        1,
        null,
        null,
        1,
        null,
        1,
        null,
        1,
        85,
        61,
        null,
        null,
        1,
        4,
        null,
        null
      ],
      "/home/chang/ratebeer/app/controllers/users_controller.rb": [
        1,
        1,
        null,
        null,
        null,
        1,
        0,
        null,
        null,
        null,
        null,
        1,
        null,
        null,
        null,
        1,
        1,
        null,
        null,
        null,
        1,
        null,
        null,
        null,
        null,
        1,
        1,
        null,
        1,
        1,
        2,
        1,
        null,
        0,
        0,
        null,
        null,
        null,
        null,
        null,
        null,
        1,
        0,
        0,
        0,
        0,
        null,
        0,
        0,
        null,
        null,
        null,
        null,
        null,
        null,
        1,
        0,
        0,
        0,
        0,
        null,
        null,
        null,
        1,
        null,
        1,
        12,
        null,
        null,
        null,
        1,
        1,
        null,
        null
      ],
      "/home/chang/ratebeer/app/models/membership.rb": [
        1,
        1,
        1,
        null,
        1,
        null,
        null,
        null,
        null,
        null,
        null,
        null,
        null,
        null,
        null
      ],
      "/home/chang/ratebeer/app/controllers/beers_controller.rb": [
        1,
        1,
        1,
        1,
        null,
        null,
        1,
        1,
        null,
        null,
        null,
        null,
        1,
        null,
        null,
        null,
        1,
        2,
        null,
        null,
        null,
        1,
        null,
        null,
        null,
        null,
        null,
        1,
        2,
        2,
        2,
        2,
        1,
        null,
        2,
        1,
        null,
        null,
        null,
        null,
        null,
        null,
        null,
        1,
        0,
        0,
        0,
        0,
        null,
        0,
        0,
        null,
        null,
        null,
        null,
        null,
        null,
        1,
        0,
        0,
        0,
        0,
        null,
        null,
        null,
        1,
        null,
        1,
        0,
        null,
        null,
        null,
        1,
        2,
        null,
        null,
        1,
        4,
        4,
        null,
        null,
        null
      ],
      "/home/chang/ratebeer/app/controllers/breweries_controller.rb": [
        1,
        1,
        1,
        null,
        null,
        1,
        3,
        null,
        null,
        null,
        null,
        1,
        null,
        null,
        null,
        1,
        0,
        null,
        null,
        null,
        1,
        null,
        null,
        null,
        null,
        1,
        0,
        null,
        0,
        0,
        0,
        0,
        null,
        0,
        0,
        null,
        null,
        null,
        null,
        null,
        null,
        1,
        0,
        0,
        0,
        0,
        null,
        0,
        0,
        null,
        null,
        null,
        null,
        null,
        null,
        1,
        0,
        0,
        0,
        0,
        null,
        null,
        null,
        1,
        null,
        1,
        1,
        null,
        null,
        null,
        1,
        0,
        null,
        null
      ],
      "/home/chang/ratebeer/lib/beermapping_api.rb": [
        1,
        1,
        5,
        8,
        null,
        null,
        1,
        null,
        1,
        3,
        null,
        3,
        3,
        null,
        3,
        null,
        2,
        2,
        4,
        null,
        null,
        null,
        null,
        1,
        3,
        null,
        null
      ],
      "/home/chang/ratebeer/app/models/place.rb": [
        1,
        1,
        null,
        1,
        null,
        1,
        6,
        null,
        null
      ],
      "/home/chang/ratebeer/app/controllers/places_controller.rb": [
        1,
        1,
        null,
        null,
        1,
        3,
        3,
        1,
        null,
        2,
        null,
        null,
        null
      ],
      "/home/chang/ratebeer/app/controllers/ratings_controller.rb": [
        1,
        1,
        1,
        null,
        1,
        1,
        1,
        null,
        null,
        1,
        null,
        1,
        1,
        1,
        1,
        1,
        1,
        null,
        0,
        0,
        null,
        null,
        0,
        null,
        null,
        null,
        1,
        1,
        1,
        1,
        null,
        null
      ]
    },
    "timestamp": 1423392966
  }
}
